"../../../Engine/Content/EngineSky/T_Sky_Stars.ubulk" 0
"../../../Engine/Content/EngineSky/T_Sky_Stars.uasset" 1
"../../../Engine/Content/EngineSky/T_Sky_Stars.uexp" 2
"../../../Engine/Content/EngineSky/T_Sky_Clouds_M.ubulk" 3
"../../../Engine/Content/EngineSky/T_Sky_Clouds_M.uasset" 4
"../../../Engine/Content/EngineSky/T_Sky_Clouds_M.uexp" 5
"../../../Engine/Content/EngineSky/T_Sky_Blue.ubulk" 6
"../../../Engine/Content/EngineSky/T_Sky_Blue.uasset" 7
"../../../Engine/Content/EngineSky/T_Sky_Blue.uexp" 8
"../../../Engine/Content/EngineSky/M_Sky_Panning_Clouds2.uasset" 9
"../../../Engine/Content/EngineSky/M_Sky_Panning_Clouds2.uexp" 10
"../../../Engine/Content/EngineSky/SM_SkySphere.ubulk" 11
"../../../Engine/Content/EngineSky/SM_SkySphere.uasset" 12
"../../../Engine/Content/EngineSky/SM_SkySphere.uexp" 13
"../../../Engine/Content/EngineSky/M_SimpleSkyDome.uasset" 14
"../../../Engine/Content/EngineSky/M_SimpleSkyDome.uexp" 15
"../../../Engine/Content/EngineResources/GradientTexture0.uasset" 16
"../../../Engine/Content/EngineResources/GradientTexture0.uexp" 17
"../../../Engine/Content/EngineResources/DefaultVolumeTexture2D.uasset" 18
"../../../Engine/Content/EngineResources/DefaultVolumeTexture2D.uexp" 19
"../../../Engine/Content/EngineResources/DefaultVolumeTexture.uasset" 20
"../../../Engine/Content/EngineResources/DefaultVolumeTexture.uexp" 21
"../../../Engine/Content/EngineResources/DefaultTextureCube.uasset" 22
"../../../Engine/Content/EngineResources/DefaultTextureCube.uexp" 23
"../../../Engine/Content/EngineResources/DefaultTexture.ubulk" 24
"../../../Engine/Content/EngineResources/DefaultTexture.uasset" 25
"../../../Engine/Content/EngineResources/DefaultTexture.uexp" 26
"../../../Engine/Content/EngineResources/Black.uasset" 27
"../../../Engine/Content/EngineResources/Black.uexp" 28
"../../../Engine/Content/EngineResources/FilmGrains/Marcie_Grain_v3_128_M2_000.uasset" 29
"../../../Engine/Content/EngineResources/FilmGrains/Marcie_Grain_v3_128_M2_000.uexp" 30
"../../../Engine/Content/EngineMeshes/Sphere.ubulk" 31
"../../../Engine/Content/EngineMeshes/Sphere.uasset" 32
"../../../Engine/Content/EngineMeshes/Sphere.uexp" 33
"../../../Engine/Content/EngineResources/WhiteSquareTexture.uasset" 34
"../../../Engine/Content/EngineResources/WhiteSquareTexture.uexp" 35
"../../../Engine/Content/EngineMaterials/Widget3DPassThrough.uasset" 36
"../../../Engine/Content/EngineMaterials/Widget3DPassThrough.uexp" 37
"../../../Engine/Content/EngineMaterials/Widget3DPassThrough_Translucent.uasset" 38
"../../../Engine/Content/EngineMaterials/Widget3DPassThrough_Translucent.uexp" 39
"../../../Engine/Content/EngineMaterials/Widget3DPassThrough_Translucent_OneSided.uasset" 40
"../../../Engine/Content/EngineMaterials/Widget3DPassThrough_Translucent_OneSided.uexp" 41
"../../../Engine/Content/EngineMaterials/Widget3DPassThrough_Opaque.uasset" 42
"../../../Engine/Content/EngineMaterials/Widget3DPassThrough_Opaque.uexp" 43
"../../../Engine/Content/EngineMaterials/Widget3DPassThrough_Opaque_OneSided.uasset" 44
"../../../Engine/Content/EngineMaterials/Widget3DPassThrough_Opaque_OneSided.uexp" 45
"../../../Engine/Content/EngineMaterials/Widget3DPassThrough_Masked_OneSided.uasset" 46
"../../../Engine/Content/EngineMaterials/Widget3DPassThrough_Masked_OneSided.uexp" 47
"../../../Engine/Content/EngineMaterials/Widget3DPassThrough_Masked.uasset" 48
"../../../Engine/Content/EngineMaterials/Widget3DPassThrough_Masked.uexp" 49
"../../../Engine/Content/EngineMaterials/WeightMapPlaceholderTexture.uasset" 50
"../../../Engine/Content/EngineMaterials/WeightMapPlaceholderTexture.uexp" 51
"../../../Engine/Content/EngineMaterials/RemoveSurfaceMaterial.uasset" 52
"../../../Engine/Content/EngineMaterials/RemoveSurfaceMaterial.uexp" 53
"../../../Engine/Content/EngineMaterials/PreintegratedSkinBRDF.uasset" 54
"../../../Engine/Content/EngineMaterials/PreintegratedSkinBRDF.uexp" 55
"../../../Engine/Content/EngineMaterials/DefaultCalibrationGrayscale.uasset" 56
"../../../Engine/Content/EngineMaterials/DefaultCalibrationGrayscale.uexp" 57
"../../../Engine/Content/EngineMaterials/PPM_DefaultCalibrationGrayscale.uasset" 58
"../../../Engine/Content/EngineMaterials/PPM_DefaultCalibrationGrayscale.uexp" 59
"../../../Engine/Content/EngineMaterials/DefaultCalibrationColor.uasset" 60
"../../../Engine/Content/EngineMaterials/DefaultCalibrationColor.uexp" 61
"../../../Engine/Content/EngineMaterials/PPM_DefaultCalibrationColor.uasset" 62
"../../../Engine/Content/EngineMaterials/PPM_DefaultCalibrationColor.uexp" 63
"../../../Engine/Content/Functions/Engine_MaterialFunctions02/WorldPositionOffset/CameraOffset.uasset" 64
"../../../Engine/Content/Functions/Engine_MaterialFunctions02/WorldPositionOffset/CameraOffset.uexp" 65
"../../../Engine/Content/EngineMaterials/PhAT_JointLimitMaterial.uasset" 66
"../../../Engine/Content/EngineMaterials/PhAT_JointLimitMaterial.uexp" 67
"../../../Engine/Content/EngineMaterials/InvalidLightmapSettings.ubulk" 68
"../../../Engine/Content/EngineMaterials/InvalidLightmapSettings.uasset" 69
"../../../Engine/Content/EngineMaterials/InvalidLightmapSettings.uexp" 70
"../../../Engine/Content/EngineMaterials/M_InvalidLightmapSettings.uasset" 71
"../../../Engine/Content/EngineMaterials/M_InvalidLightmapSettings.uexp" 72
"../../../Engine/Content/EngineMaterials/MiniFont.uasset" 73
"../../../Engine/Content/EngineMaterials/MiniFont.uexp" 74
"../../../Engine/Content/EngineMaterials/Good64x64TilingNoiseHighFreq.uasset" 75
"../../../Engine/Content/EngineMaterials/Good64x64TilingNoiseHighFreq.uexp" 76
"../../../Engine/Content/EngineMaterials/GizmoMaterial.uasset" 77
"../../../Engine/Content/EngineMaterials/GizmoMaterial.uexp" 78
"../../../Engine/Content/EngineMaterials/BaseFlattenEmissiveMap_VT.uasset" 79
"../../../Engine/Content/EngineMaterials/BaseFlattenEmissiveMap_VT.uexp" 80
"../../../Engine/Content/EngineMaterials/BaseFlattenGrayscaleMap_VT.uasset" 81
"../../../Engine/Content/EngineMaterials/BaseFlattenGrayscaleMap_VT.uexp" 82
"../../../Engine/Content/EngineMaterials/BaseFlattenLinearColor_VT.uasset" 83
"../../../Engine/Content/EngineMaterials/BaseFlattenLinearColor_VT.uexp" 84
"../../../Engine/Content/EngineMaterials/Black_1x1_EXR_Texture_VT.uasset" 85
"../../../Engine/Content/EngineMaterials/Black_1x1_EXR_Texture_VT.uexp" 86
"../../../Engine/Content/EngineMaterials/BaseFlattenDiffuseMap_VT.uasset" 87
"../../../Engine/Content/EngineMaterials/BaseFlattenDiffuseMap_VT.uexp" 88
"../../../Engine/Content/EngineMaterials/BaseFlattenNormalMap_VT.uasset" 89
"../../../Engine/Content/EngineMaterials/BaseFlattenNormalMap_VT.uexp" 90
"../../../Engine/Content/EngineMaterials/FlattenMaterial_WS_Normal_VT.uasset" 91
"../../../Engine/Content/EngineMaterials/FlattenMaterial_WS_Normal_VT.uexp" 92
"../../../Engine/Content/EngineMaterials/FlattenMaterial_VT.uasset" 93
"../../../Engine/Content/EngineMaterials/FlattenMaterial_VT.uexp" 94
"../../../Engine/Content/EngineMaterials/BaseFlattenNormalMap.uasset" 95
"../../../Engine/Content/EngineMaterials/BaseFlattenNormalMap.uexp" 96
"../../../Engine/Content/EngineMaterials/BaseFlattenGrayscaleMap.uasset" 97
"../../../Engine/Content/EngineMaterials/BaseFlattenGrayscaleMap.uexp" 98
"../../../Engine/Content/EngineMaterials/BaseFlattenDiffuseMap.uasset" 99
"../../../Engine/Content/EngineMaterials/BaseFlattenDiffuseMap.uexp" 100
"../../../Engine/Content/Functions/Engine_MaterialFunctions02/PivotPainter2/Black_1x1_EXR_Texture.uasset" 101
"../../../Engine/Content/Functions/Engine_MaterialFunctions02/PivotPainter2/Black_1x1_EXR_Texture.uexp" 102
"../../../Engine/Content/EngineMaterials/BaseFlattenEmissiveMap.uasset" 103
"../../../Engine/Content/EngineMaterials/BaseFlattenEmissiveMap.uexp" 104
"../../../Engine/Content/EngineMaterials/BaseFlattenLinearColor.uasset" 105
"../../../Engine/Content/EngineMaterials/BaseFlattenLinearColor.uexp" 106
"../../../Engine/Content/EngineMaterials/FlattenMaterial.uasset" 107
"../../../Engine/Content/EngineMaterials/FlattenMaterial.uexp" 108
"../../../Engine/Content/EngineMaterials/DefaultWhiteGrid_Low.uasset" 109
"../../../Engine/Content/EngineMaterials/DefaultWhiteGrid_Low.uexp" 110
"../../../Engine/Content/EngineMaterials/EmissiveMeshMaterial.uasset" 111
"../../../Engine/Content/EngineMaterials/EmissiveMeshMaterial.uexp" 112
"../../../Engine/Content/EngineMaterials/DefaultWhiteGrid.ubulk" 113
"../../../Engine/Content/EngineMaterials/DefaultWhiteGrid.uasset" 114
"../../../Engine/Content/EngineMaterials/DefaultWhiteGrid.uexp" 115
"../../../Engine/Content/EngineFonts/RobotoDistanceField.uasset" 116
"../../../Engine/Content/EngineFonts/RobotoDistanceField.uexp" 117
"../../../Engine/Content/EngineMaterials/DefaultTextMaterialOpaque.uasset" 118
"../../../Engine/Content/EngineMaterials/DefaultTextMaterialOpaque.uexp" 119
"../../../Engine/Content/EngineMaterials/DefaultDiffuse.ubulk" 120
"../../../Engine/Content/EngineMaterials/DefaultDiffuse.uasset" 121
"../../../Engine/Content/EngineMaterials/DefaultDiffuse.uexp" 122
"../../../Engine/Content/Functions/Engine_MaterialFunctions02/Utility/BreakOutFloat2Components.uasset" 123
"../../../Engine/Content/Functions/Engine_MaterialFunctions02/Utility/BreakOutFloat2Components.uexp" 124
"../../../Engine/Content/EngineMaterials/DefaultPostProcessMaterial.uasset" 125
"../../../Engine/Content/EngineMaterials/DefaultPostProcessMaterial.uexp" 126
"../../../Engine/Content/EngineMaterials/DefaultPhysicalMaterial.uasset" 127
"../../../Engine/Content/EngineMaterials/DefaultPhysicalMaterial.uexp" 128
"../../../Engine/Content/EngineMaterials/DefaultLightFunctionMaterial.uasset" 129
"../../../Engine/Content/EngineMaterials/DefaultLightFunctionMaterial.uexp" 130
"../../../Engine/Content/EngineMaterials/DefaultDestructiblePhysicalMaterial.uasset" 131
"../../../Engine/Content/EngineMaterials/DefaultDestructiblePhysicalMaterial.uexp" 132
"../../../Engine/Content/EngineMaterials/DefaultDeferredDecalMaterial.uasset" 133
"../../../Engine/Content/EngineMaterials/DefaultDeferredDecalMaterial.uexp" 134
"../../../Engine/Content/EngineMaterials/DefaultBokeh.uasset" 135
"../../../Engine/Content/EngineMaterials/DefaultBokeh.uexp" 136
"../../../Engine/Content/EngineMaterials/DefaultBloomKernel.uasset" 137
"../../../Engine/Content/EngineMaterials/DefaultBloomKernel.uexp" 138
"../../../Engine/Content/EngineMaterials/BlueNoise.uasset" 139
"../../../Engine/Content/EngineMaterials/BlueNoise.uexp" 140
"../../../Engine/Content/EngineFonts/Faces/RobotoLight.uexp" 141
"../../../Engine/Content/EngineFonts/Faces/RobotoLight.uasset" 142
"../../../Engine/Content/EngineFonts/Faces/RobotoLight.ufont" 143
"../../../Engine/Content/EngineFonts/Faces/RobotoBold.uexp" 144
"../../../Engine/Content/EngineFonts/Faces/RobotoBold.uasset" 145
"../../../Engine/Content/EngineFonts/Faces/RobotoBold.ufont" 146
"../../../Engine/Content/EngineFonts/Faces/RobotoRegular.uexp" 147
"../../../Engine/Content/EngineFonts/Faces/RobotoRegular.uasset" 148
"../../../Engine/Content/EngineFonts/Faces/RobotoRegular.ufont" 149
"../../../Engine/Content/EngineFonts/Faces/DroidSansFallback.uexp" 150
"../../../Engine/Content/EngineFonts/Faces/DroidSansFallback.uasset" 151
"../../../Engine/Content/EngineFonts/Faces/DroidSansFallback.ufont" 152
"../../../Engine/Content/EngineFonts/Faces/RobotoItalic.uexp" 153
"../../../Engine/Content/EngineFonts/Faces/RobotoItalic.uasset" 154
"../../../Engine/Content/EngineFonts/Faces/RobotoItalic.ufont" 155
"../../../Engine/Content/EngineFonts/Faces/RobotoBoldItalic.uexp" 156
"../../../Engine/Content/EngineFonts/Faces/RobotoBoldItalic.uasset" 157
"../../../Engine/Content/EngineFonts/Faces/RobotoBoldItalic.ufont" 158
"../../../Engine/Content/EngineFonts/Roboto.uasset" 159
"../../../Engine/Content/EngineFonts/Roboto.uexp" 160
"../../../Engine/Content/Functions/Engine_MaterialFunctions02/Utility/CameraDirectionVector.uasset" 161
"../../../Engine/Content/Functions/Engine_MaterialFunctions02/Utility/CameraDirectionVector.uexp" 162
"../../../Engine/Content/EngineDebugMaterials/VolumeToRender.uasset" 163
"../../../Engine/Content/EngineDebugMaterials/VolumeToRender.uexp" 164
"../../../Engine/Content/EngineDebugMaterials/M_VolumeRenderSphereTracePP.uasset" 165
"../../../Engine/Content/EngineDebugMaterials/M_VolumeRenderSphereTracePP.uexp" 166
"../../../Engine/Content/EngineDebugMaterials/M_SimpleUnlitTranslucent.uasset" 167
"../../../Engine/Content/EngineDebugMaterials/M_SimpleUnlitTranslucent.uexp" 168
"../../../Engine/Content/EngineDebugMaterials/DebugMeshMaterial.uasset" 169
"../../../Engine/Content/EngineDebugMaterials/DebugMeshMaterial.uexp" 170
"../../../Engine/Content/EngineDebugMaterials/DebugEditorMaterial.uasset" 171
"../../../Engine/Content/EngineDebugMaterials/DebugEditorMaterial.uexp" 172
"../../../Engine/Content/EngineDamageTypes/DmgTypeBP_Environmental.uasset" 173
"../../../Engine/Content/EngineDamageTypes/DmgTypeBP_Environmental.uexp" 174
"../../../Engine/Content/EngineSky/VolumetricClouds/CloudWeatherTexture.uasset" 175
"../../../Engine/Content/EngineSky/VolumetricClouds/CloudWeatherTexture.uexp" 176
"../../../Engine/Content/Functions/Engine_MaterialFunctions02/Utility/MakeFloat2.uasset" 177
"../../../Engine/Content/Functions/Engine_MaterialFunctions02/Utility/MakeFloat2.uexp" 178
"../../../Engine/Content/EngineSky/VolumetricClouds/CloudGradientTexture.uasset" 179
"../../../Engine/Content/EngineSky/VolumetricClouds/CloudGradientTexture.uexp" 180
"../../../Engine/Content/EngineSky/VolumetricClouds/T_NoiseShape64.ubulk" 181
"../../../Engine/Content/EngineSky/VolumetricClouds/T_NoiseShape64.uasset" 182
"../../../Engine/Content/EngineSky/VolumetricClouds/T_NoiseShape64.uexp" 183
"../../../Engine/Content/EngineSky/VolumetricClouds/T_VolumeNoiseShape64.uasset" 184
"../../../Engine/Content/EngineSky/VolumetricClouds/T_VolumeNoiseShape64.uexp" 185
"../../../Engine/Content/EngineSky/VolumetricClouds/T_NoiseErosion.ubulk" 186
"../../../Engine/Content/EngineSky/VolumetricClouds/T_NoiseErosion.uasset" 187
"../../../Engine/Content/EngineSky/VolumetricClouds/T_NoiseErosion.uexp" 188
"../../../Engine/Content/EngineSky/VolumetricClouds/T_VolumeNoiseErosion32.uasset" 189
"../../../Engine/Content/EngineSky/VolumetricClouds/T_VolumeNoiseErosion32.uexp" 190
"../../../Engine/Content/EngineSky/VolumetricClouds/m_SimpleVolumetricCloud.uasset" 191
"../../../Engine/Content/EngineSky/VolumetricClouds/m_SimpleVolumetricCloud.uexp" 192
"../../../Engine/Content/EngineSky/VolumetricClouds/m_SimpleVolumetricCloud_Inst.uasset" 193
"../../../Engine/Content/EngineSky/VolumetricClouds/m_SimpleVolumetricCloud_Inst.uexp" 194
"../../../Engine/Content/EngineSounds/Master.uasset" 195
"../../../Engine/Content/EngineSounds/Master.uexp" 196
"../../../Engine/Content/EditorResources/S_TriggerSphere.uasset" 197
"../../../Engine/Content/EditorResources/S_TriggerSphere.uexp" 198
"../../../Engine/Content/EditorResources/S_TriggerCapsule.uasset" 199
"../../../Engine/Content/EditorResources/S_TriggerCapsule.uexp" 200
"../../../Engine/Content/EditorResources/S_TriggerBox.uasset" 201
"../../../Engine/Content/EditorResources/S_TriggerBox.uexp" 202
"../../../Engine/Content/EditorResources/S_Trigger.ubulk" 203
"../../../Engine/Content/EditorResources/S_Trigger.uasset" 204
"../../../Engine/Content/EditorResources/S_Trigger.uexp" 205
"../../../Engine/Content/EditorResources/S_Terrain.ubulk" 206
"../../../Engine/Content/EditorResources/S_Terrain.uasset" 207
"../../../Engine/Content/EditorResources/S_Terrain.uexp" 208
"../../../Engine/Content/EditorResources/S_Solver.ubulk" 209
"../../../Engine/Content/EditorResources/S_Solver.uasset" 210
"../../../Engine/Content/EditorResources/S_Solver.uexp" 211
"../../../Engine/Content/EditorResources/S_BoxReflectionCapture.uasset" 212
"../../../Engine/Content/EditorResources/S_BoxReflectionCapture.uexp" 213
"../../../Engine/Content/EditorResources/S_Actor.ubulk" 214
"../../../Engine/Content/EditorResources/S_Actor.uasset" 215
"../../../Engine/Content/EditorResources/S_Actor.uexp" 216
"../../../Engine/Content/EditorResources/EmptyActor.uasset" 217
"../../../Engine/Content/EditorResources/EmptyActor.uexp" 218
"../../../Engine/Content/EditorResources/BSPVertex.uasset" 219
"../../../Engine/Content/EditorResources/BSPVertex.uexp" 220
"../../../Engine/Content/EditorResources/SequenceRecorder/RecordingIndicator.uasset" 221
"../../../Engine/Content/EditorResources/SequenceRecorder/RecordingIndicator.uexp" 222
"../../../Engine/Content/EditorResources/SequenceRecorder/Countdown.uasset" 223
"../../../Engine/Content/EditorResources/SequenceRecorder/Countdown.uexp" 224
"../../../Engine/Content/EditorMaterials/Camera/CineMat.uasset" 225
"../../../Engine/Content/EditorMaterials/Camera/CineMat.uexp" 226
"../../../Engine/Content/EditorMaterials/Camera/MI_CineMat_Rig.uasset" 227
"../../../Engine/Content/EditorMaterials/Camera/MI_CineMat_Rig.uexp" 228
"../../../Engine/Content/EditorMeshes/Camera/SM_RailRig_Track.ubulk" 229
"../../../Engine/Content/EditorMeshes/Camera/SM_RailRig_Track.uasset" 230
"../../../Engine/Content/EditorMeshes/Camera/SM_RailRig_Track.uexp" 231
"../../../Engine/Content/EditorMeshes/Camera/SM_RailRig_Mount.ubulk" 232
"../../../Engine/Content/EditorMeshes/Camera/SM_RailRig_Mount.uasset" 233
"../../../Engine/Content/EditorMeshes/Camera/SM_RailRig_Mount.uexp" 234
"../../../Engine/Content/EditorMeshes/Camera/SM_CraneRig_Mount.ubulk" 235
"../../../Engine/Content/EditorMeshes/Camera/SM_CraneRig_Mount.uasset" 236
"../../../Engine/Content/EditorMeshes/Camera/SM_CraneRig_Mount.uexp" 237
"../../../Engine/Content/EditorMeshes/Camera/SM_CraneRig_Body.ubulk" 238
"../../../Engine/Content/EditorMeshes/Camera/SM_CraneRig_Body.uasset" 239
"../../../Engine/Content/EditorMeshes/Camera/SM_CraneRig_Body.uexp" 240
"../../../Engine/Content/EditorMeshes/Camera/SM_CraneRig_Base.ubulk" 241
"../../../Engine/Content/EditorMeshes/Camera/SM_CraneRig_Base.uasset" 242
"../../../Engine/Content/EditorMeshes/Camera/SM_CraneRig_Base.uexp" 243
"../../../Engine/Content/EditorMeshes/Camera/SM_CraneRig_Arm.ubulk" 244
"../../../Engine/Content/EditorMeshes/Camera/SM_CraneRig_Arm.uasset" 245
"../../../Engine/Content/EditorMeshes/Camera/SM_CraneRig_Arm.uexp" 246
"../../../Engine/Content/EditorMaterials/PreviewShadowIndicator.ubulk" 247
"../../../Engine/Content/EditorMaterials/PreviewShadowIndicator.uasset" 248
"../../../Engine/Content/EditorMaterials/PreviewShadowIndicator.uexp" 249
"../../../Engine/Content/EditorMaterials/PreviewShadowIndicatorMaterial.uasset" 250
"../../../Engine/Content/EditorMaterials/PreviewShadowIndicatorMaterial.uexp" 251
"../../../Engine/Content/EditorMaterials/MAT_Groups_Visibility.uasset" 252
"../../../Engine/Content/EditorMaterials/MAT_Groups_Visibility.uexp" 253
"../../../Engine/Content/EditorMaterials/MAT_Groups_Toggle.uasset" 254
"../../../Engine/Content/EditorMaterials/MAT_Groups_Toggle.uexp" 255
"../../../Engine/Content/Functions/Engine_MaterialFunctions02/Utility/MakeFloat4.uasset" 256
"../../../Engine/Content/Functions/Engine_MaterialFunctions02/Utility/MakeFloat4.uexp" 257
"../../../Engine/Content/Functions/Engine_MaterialFunctions02/Utility/MakeFloat3.uasset" 258
"../../../Engine/Content/Functions/Engine_MaterialFunctions02/Utility/MakeFloat3.uexp" 259
"../../../Engine/Content/Functions/Engine_MaterialFunctions02/Utility/BreakOutFloat3Components.uasset" 260
"../../../Engine/Content/Functions/Engine_MaterialFunctions02/Utility/BreakOutFloat3Components.uexp" 261
"../../../Engine/Content/EditorMaterials/WorldPartition/WorldPartitionSpatialHashGridPreviewMaterial.uasset" 262
"../../../Engine/Content/EditorMaterials/WorldPartition/WorldPartitionSpatialHashGridPreviewMaterial.uexp" 263
"../../../Engine/Content/EditorMaterials/ParticleSystems/PSysThumbnail_OOD.ubulk" 264
"../../../Engine/Content/EditorMaterials/ParticleSystems/PSysThumbnail_OOD.uasset" 265
"../../../Engine/Content/EditorMaterials/ParticleSystems/PSysThumbnail_OOD.uexp" 266
"../../../Engine/Content/EditorMaterials/ParticleSystems/PSysThumbnail_NoImage.ubulk" 267
"../../../Engine/Content/EditorMaterials/ParticleSystems/PSysThumbnail_NoImage.uasset" 268
"../../../Engine/Content/EditorMaterials/ParticleSystems/PSysThumbnail_NoImage.uexp" 269
"../../../Engine/Content/EditorMaterials/MatineeGroups/MAT_Groups_Vector.uasset" 270
"../../../Engine/Content/EditorMaterials/MatineeGroups/MAT_Groups_Vector.uexp" 271
"../../../Engine/Content/EditorMaterials/MatineeGroups/MAT_Groups_Sound.uasset" 272
"../../../Engine/Content/EditorMaterials/MatineeGroups/MAT_Groups_Sound.uexp" 273
"../../../Engine/Content/EditorMaterials/MatineeGroups/MAT_Groups_Slomo.uasset" 274
"../../../Engine/Content/EditorMaterials/MatineeGroups/MAT_Groups_Slomo.uexp" 275
"../../../Engine/Content/EditorMaterials/MatineeGroups/MAT_Groups_Move.uasset" 276
"../../../Engine/Content/EditorMaterials/MatineeGroups/MAT_Groups_Move.uexp" 277
"../../../Engine/Content/EditorMaterials/MatineeGroups/MAT_Groups_Float.uasset" 278
"../../../Engine/Content/EditorMaterials/MatineeGroups/MAT_Groups_Float.uexp" 279
"../../../Engine/Content/EditorMaterials/MatineeGroups/MAT_Groups_Fade.uasset" 280
"../../../Engine/Content/EditorMaterials/MatineeGroups/MAT_Groups_Fade.uexp" 281
"../../../Engine/Content/EditorMaterials/MatineeGroups/MAT_Groups_Event.uasset" 282
"../../../Engine/Content/EditorMaterials/MatineeGroups/MAT_Groups_Event.uexp" 283
"../../../Engine/Content/EditorMaterials/MatineeGroups/MAT_Groups_Director.uasset" 284
"../../../Engine/Content/EditorMaterials/MatineeGroups/MAT_Groups_Director.uexp" 285
"../../../Engine/Content/EditorMaterials/MatineeGroups/MAT_Groups_AudioMaster.uasset" 286
"../../../Engine/Content/EditorMaterials/MatineeGroups/MAT_Groups_AudioMaster.uexp" 287
"../../../Engine/Content/EditorMaterials/MatineeGroups/MAT_Groups_Anim.uasset" 288
"../../../Engine/Content/EditorMaterials/MatineeGroups/MAT_Groups_Anim.uexp" 289
"../../../Engine/Content/EditorMaterials/MatineeGroups/MAT_ColorTrack.uasset" 290
"../../../Engine/Content/EditorMaterials/MatineeGroups/MAT_ColorTrack.uexp" 291
"../../../Engine/Content/EditorLandscapeResources/DefaultAlphaTexture.uasset" 292
"../../../Engine/Content/EditorLandscapeResources/DefaultAlphaTexture.uexp" 293
"../../../Engine/Content/EditorLandscapeResources/DataLayer.uasset" 294
"../../../Engine/Content/EditorLandscapeResources/DataLayer.uexp" 295
"../../../Engine/Content/EngineMaterials/T_Default_Material_Grid_M.ubulk" 296
"../../../Engine/Content/EngineMaterials/T_Default_Material_Grid_M.uasset" 297
"../../../Engine/Content/EngineMaterials/T_Default_Material_Grid_M.uexp" 298
"../../../Engine/Content/EngineMaterials/T_Default_Material_Grid_N.ubulk" 299
"../../../Engine/Content/EngineMaterials/T_Default_Material_Grid_N.uasset" 300
"../../../Engine/Content/EngineMaterials/T_Default_Material_Grid_N.uexp" 301
"../../../Engine/Content/Functions/Engine_MaterialFunctions01/Opacity/CameraDepthFade.uasset" 302
"../../../Engine/Content/Functions/Engine_MaterialFunctions01/Opacity/CameraDepthFade.uexp" 303
"../../../Engine/Content/EngineMaterials/DefaultMaterial.uasset" 304
"../../../Engine/Content/EngineMaterials/DefaultMaterial.uexp" 305
"../../../Engine/Content/BasicShapes/Sphere.ubulk" 306
"../../../Engine/Content/BasicShapes/Sphere.uasset" 307
"../../../Engine/Content/BasicShapes/Sphere.uexp" 308
"../../../Engine/Content/EngineMaterials/WorldGridMaterial.uasset" 309
"../../../Engine/Content/EngineMaterials/WorldGridMaterial.uexp" 310
"../../../Engine/Content/BasicShapes/Plane.ubulk" 311
"../../../Engine/Content/BasicShapes/Plane.uasset" 312
"../../../Engine/Content/BasicShapes/Plane.uexp" 313
"../../../Engine/Content/BasicShapes/Cylinder.ubulk" 314
"../../../Engine/Content/BasicShapes/Cylinder.uasset" 315
"../../../Engine/Content/BasicShapes/Cylinder.uexp" 316
"../../../Engine/Content/BasicShapes/Cube.ubulk" 317
"../../../Engine/Content/BasicShapes/Cube.uasset" 318
"../../../Engine/Content/BasicShapes/Cube.uexp" 319
"../../../Engine/Content/BasicShapes/Cone.ubulk" 320
"../../../Engine/Content/BasicShapes/Cone.uasset" 321
"../../../Engine/Content/BasicShapes/Cone.uexp" 322
"../../../Engine/Content/ArtTools/RenderToTexture/Meshes/S_1_Unit_Plane.ubulk" 323
"../../../Engine/Content/ArtTools/RenderToTexture/Meshes/S_1_Unit_Plane.uasset" 324
"../../../Engine/Content/ArtTools/RenderToTexture/Meshes/S_1_Unit_Plane.uexp" 325
"../../../Engine/Content/Functions/Engine_MaterialFunctions01/Shading/PowerToRoughness.uasset" 326
"../../../Engine/Content/Functions/Engine_MaterialFunctions01/Shading/PowerToRoughness.uexp" 327
"../../../Engine/Content/Functions/Engine_MaterialFunctions01/Shading/ConvertFromDiffSpec.uasset" 328
"../../../Engine/Content/Functions/Engine_MaterialFunctions01/Shading/ConvertFromDiffSpec.uexp" 329
"C:/Users/Vojta/Documents/Unreal Projects/test/Content/LevelPrototyping/Textures/T_GridChecker_A.ubulk" 330
"C:/Users/Vojta/Documents/Unreal Projects/test/Content/LevelPrototyping/Textures/T_GridChecker_A.uasset" 331
"C:/Users/Vojta/Documents/Unreal Projects/test/Content/LevelPrototyping/Textures/T_GridChecker_A.uexp" 332
"../../../Engine/Content/Functions/Engine_MaterialFunctions01/Gradient/LinearGradient.uasset" 333
"../../../Engine/Content/Functions/Engine_MaterialFunctions01/Gradient/LinearGradient.uexp" 334
"../../../Engine/Content/Functions/Engine_MaterialFunctions01/ImageAdjustment/CheapContrast.uasset" 335
"../../../Engine/Content/Functions/Engine_MaterialFunctions01/ImageAdjustment/CheapContrast.uexp" 336
"C:/Users/Vojta/Documents/Unreal Projects/test/Content/LevelPrototyping/Materials/MF_ProcGrid.uasset" 337
"C:/Users/Vojta/Documents/Unreal Projects/test/Content/LevelPrototyping/Materials/MF_ProcGrid.uexp" 338
"C:/Users/Vojta/Documents/Unreal Projects/test/Content/LevelPrototyping/Materials/M_PrototypeGrid.uasset" 339
"C:/Users/Vojta/Documents/Unreal Projects/test/Content/LevelPrototyping/Materials/M_PrototypeGrid.uexp" 340
"C:/Users/Vojta/Documents/Unreal Projects/test/Content/LevelPrototyping/Materials/MI_PrototypeGrid_Gray.uasset" 341
"C:/Users/Vojta/Documents/Unreal Projects/test/Content/LevelPrototyping/Materials/MI_PrototypeGrid_Gray.uexp" 342
"C:/Users/Vojta/Documents/Unreal Projects/test/Content/LevelPrototyping/Meshes/SM_Ramp.ubulk" 343
"C:/Users/Vojta/Documents/Unreal Projects/test/Content/LevelPrototyping/Meshes/SM_Ramp.uasset" 344
"C:/Users/Vojta/Documents/Unreal Projects/test/Content/LevelPrototyping/Meshes/SM_Ramp.uexp" 345
"C:/Users/Vojta/Documents/Unreal Projects/test/Content/LevelPrototyping/Meshes/SM_QuarterCylinder.ubulk" 346
"C:/Users/Vojta/Documents/Unreal Projects/test/Content/LevelPrototyping/Meshes/SM_QuarterCylinder.uasset" 347
"C:/Users/Vojta/Documents/Unreal Projects/test/Content/LevelPrototyping/Meshes/SM_QuarterCylinder.uexp" 348
"C:/Users/Vojta/Documents/Unreal Projects/test/Content/LevelPrototyping/Meshes/SM_Cube.ubulk" 349
"C:/Users/Vojta/Documents/Unreal Projects/test/Content/LevelPrototyping/Meshes/SM_Cube.uasset" 350
"C:/Users/Vojta/Documents/Unreal Projects/test/Content/LevelPrototyping/Meshes/SM_Cube.uexp" 351
"C:/Users/Vojta/Documents/Unreal Projects/test/Content/LevelPrototyping/Materials/M_Solid.uasset" 352
"C:/Users/Vojta/Documents/Unreal Projects/test/Content/LevelPrototyping/Materials/M_Solid.uexp" 353
"C:/Users/Vojta/Documents/Unreal Projects/test/Content/LevelPrototyping/Materials/MI_Solid_Blue.uasset" 354
"C:/Users/Vojta/Documents/Unreal Projects/test/Content/LevelPrototyping/Materials/MI_Solid_Blue.uexp" 355
"C:/Users/Vojta/Documents/Unreal Projects/test/Content/LevelPrototyping/Meshes/SM_ChamferCube.ubulk" 356
"C:/Users/Vojta/Documents/Unreal Projects/test/Content/LevelPrototyping/Meshes/SM_ChamferCube.uasset" 357
"C:/Users/Vojta/Documents/Unreal Projects/test/Content/LevelPrototyping/Meshes/SM_ChamferCube.uexp" 358
"C:/Users/Vojta/Documents/Unreal Projects/test/Content/LevelPrototyping/Materials/MI_PrototypeGrid_TopDark.uasset" 359
"C:/Users/Vojta/Documents/Unreal Projects/test/Content/LevelPrototyping/Materials/MI_PrototypeGrid_TopDark.uexp" 360
"../../../Engine/Content/Animation/DefaultAnimCurveCompressionSettings.uasset" 361
"../../../Engine/Content/Animation/DefaultAnimCurveCompressionSettings.uexp" 362
"../../../Engine/Content/Animation/DefaultAnimBoneCompressionSettings.uasset" 363
"../../../Engine/Content/Animation/DefaultAnimBoneCompressionSettings.uexp" 364
"C:/Users/Vojta/Documents/Unreal Projects/test/Content/FirstPersonArms/Character/Mesh/SK_Mannequin_Arms_Skeleton.uasset" 365
"C:/Users/Vojta/Documents/Unreal Projects/test/Content/FirstPersonArms/Character/Mesh/SK_Mannequin_Arms_Skeleton.uexp" 366
"C:/Users/Vojta/Documents/Unreal Projects/test/Content/FirstPersonArms/Animations/FirstPerson_Fire.uasset" 367
"C:/Users/Vojta/Documents/Unreal Projects/test/Content/FirstPersonArms/Animations/FirstPerson_Fire.uexp" 368
"C:/Users/Vojta/Documents/Unreal Projects/test/Content/FirstPersonArms/Animations/FirstPersonFire_Montage.uasset" 369
"C:/Users/Vojta/Documents/Unreal Projects/test/Content/FirstPersonArms/Animations/FirstPersonFire_Montage.uexp" 370
"C:/Users/Vojta/Documents/Unreal Projects/test/Content/FPWeapon/Mesh/SK_FPGun_Skeleton.uasset" 371
"C:/Users/Vojta/Documents/Unreal Projects/test/Content/FPWeapon/Mesh/SK_FPGun_Skeleton.uexp" 372
"C:/Users/Vojta/Documents/Unreal Projects/test/Content/FPWeapon/Materials/MaterialLayers/T_ML_Rubber_Blue_01_D.ubulk" 373
"C:/Users/Vojta/Documents/Unreal Projects/test/Content/FPWeapon/Materials/MaterialLayers/T_ML_Rubber_Blue_01_D.uasset" 374
"C:/Users/Vojta/Documents/Unreal Projects/test/Content/FPWeapon/Materials/MaterialLayers/T_ML_Rubber_Blue_01_D.uexp" 375
"C:/Users/Vojta/Documents/Unreal Projects/test/Content/FPWeapon/Textures/T_FPGun_N.ubulk" 376
"C:/Users/Vojta/Documents/Unreal Projects/test/Content/FPWeapon/Textures/T_FPGun_N.uasset" 377
"C:/Users/Vojta/Documents/Unreal Projects/test/Content/FPWeapon/Textures/T_FPGun_N.uexp" 378
"../../../Engine/Content/Functions/Engine_MaterialFunctions02/Utility/BlendAngleCorrectedNormals.uasset" 379
"../../../Engine/Content/Functions/Engine_MaterialFunctions02/Utility/BlendAngleCorrectedNormals.uexp" 380
"../../../Engine/Content/Functions/MaterialLayerFunctions/MatLayerBlend_NormalBlend.uasset" 381
"../../../Engine/Content/Functions/MaterialLayerFunctions/MatLayerBlend_NormalBlend.uexp" 382
"C:/Users/Vojta/Documents/Unreal Projects/test/Content/FPWeapon/Materials/MaterialLayers/T_ML_Rubber_Blue_01_N.ubulk" 383
"C:/Users/Vojta/Documents/Unreal Projects/test/Content/FPWeapon/Materials/MaterialLayers/T_ML_Rubber_Blue_01_N.uasset" 384
"C:/Users/Vojta/Documents/Unreal Projects/test/Content/FPWeapon/Materials/MaterialLayers/T_ML_Rubber_Blue_01_N.uexp" 385
"C:/Users/Vojta/Documents/Unreal Projects/test/Content/FPWeapon/Materials/MaterialLayers/ML_Screen.uasset" 386
"C:/Users/Vojta/Documents/Unreal Projects/test/Content/FPWeapon/Materials/MaterialLayers/ML_Screen.uexp" 387
"C:/Users/Vojta/Documents/Unreal Projects/test/Content/FPWeapon/Materials/MaterialLayers/T_ML_Aluminum01_N.ubulk" 388
"C:/Users/Vojta/Documents/Unreal Projects/test/Content/FPWeapon/Materials/MaterialLayers/T_ML_Aluminum01_N.uasset" 389
"C:/Users/Vojta/Documents/Unreal Projects/test/Content/FPWeapon/Materials/MaterialLayers/T_ML_Aluminum01_N.uexp" 390
"C:/Users/Vojta/Documents/Unreal Projects/test/Content/FPWeapon/Materials/MaterialLayers/T_ML_Aluminum01.ubulk" 391
"C:/Users/Vojta/Documents/Unreal Projects/test/Content/FPWeapon/Materials/MaterialLayers/T_ML_Aluminum01.uasset" 392
"C:/Users/Vojta/Documents/Unreal Projects/test/Content/FPWeapon/Materials/MaterialLayers/T_ML_Aluminum01.uexp" 393
"C:/Users/Vojta/Documents/Unreal Projects/test/Content/FPWeapon/Materials/MaterialLayers/ML_SoftMetal_UE4.uasset" 394
"C:/Users/Vojta/Documents/Unreal Projects/test/Content/FPWeapon/Materials/MaterialLayers/ML_SoftMetal_UE4.uexp" 395
"../../../Engine/Content/Functions/MaterialLayerFunctions/MatLayerBlend_Simple.uasset" 396
"../../../Engine/Content/Functions/MaterialLayerFunctions/MatLayerBlend_Simple.uexp" 397
"C:/Users/Vojta/Documents/Unreal Projects/test/Content/FPWeapon/Textures/T_FPGun_M.ubulk" 398
"C:/Users/Vojta/Documents/Unreal Projects/test/Content/FPWeapon/Textures/T_FPGun_M.uasset" 399
"C:/Users/Vojta/Documents/Unreal Projects/test/Content/FPWeapon/Textures/T_FPGun_M.uexp" 400
"C:/Users/Vojta/Documents/Unreal Projects/test/Content/FPWeapon/Materials/MaterialLayers/ML_Plastic_Shiny_Beige.uasset" 401
"C:/Users/Vojta/Documents/Unreal Projects/test/Content/FPWeapon/Materials/MaterialLayers/ML_Plastic_Shiny_Beige.uexp" 402
"C:/Users/Vojta/Documents/Unreal Projects/test/Content/FPWeapon/Materials/MaterialLayers/ML_GlossyBlack_Latex_UE4.uasset" 403
"C:/Users/Vojta/Documents/Unreal Projects/test/Content/FPWeapon/Materials/MaterialLayers/ML_GlossyBlack_Latex_UE4.uexp" 404
"C:/Users/Vojta/Documents/Unreal Projects/test/Content/FPWeapon/Materials/M_FPGun.uasset" 405
"C:/Users/Vojta/Documents/Unreal Projects/test/Content/FPWeapon/Materials/M_FPGun.uexp" 406
"C:/Users/Vojta/Documents/Unreal Projects/test/Content/FPWeapon/Mesh/SK_FPGun_Physics.uasset" 407
"C:/Users/Vojta/Documents/Unreal Projects/test/Content/FPWeapon/Mesh/SK_FPGun_Physics.uexp" 408
"C:/Users/Vojta/Documents/Unreal Projects/test/Content/FPWeapon/Mesh/SK_FPGun.uasset" 409
"C:/Users/Vojta/Documents/Unreal Projects/test/Content/FPWeapon/Mesh/SK_FPGun.uexp" 410
"C:/Users/Vojta/Documents/Unreal Projects/test/Content/FPWeapon/Audio/FirstPersonTemplateWeaponFire02.ubulk" 411
"C:/Users/Vojta/Documents/Unreal Projects/test/Content/FPWeapon/Audio/FirstPersonTemplateWeaponFire02.uasset" 412
"C:/Users/Vojta/Documents/Unreal Projects/test/Content/FPWeapon/Audio/FirstPersonTemplateWeaponFire02.uexp" 413
"C:/Users/Vojta/Documents/Unreal Projects/test/Content/FPWeapon/Materials/BaseMaterial.uasset" 414
"C:/Users/Vojta/Documents/Unreal Projects/test/Content/FPWeapon/Materials/BaseMaterial.uexp" 415
"C:/Users/Vojta/Documents/Unreal Projects/test/Content/FPWeapon/Materials/FirstPersonProjectileMaterial.uasset" 416
"C:/Users/Vojta/Documents/Unreal Projects/test/Content/FPWeapon/Materials/FirstPersonProjectileMaterial.uexp" 417
"C:/Users/Vojta/Documents/Unreal Projects/test/Content/FPWeapon/Mesh/FirstPersonProjectileMesh.ubulk" 418
"C:/Users/Vojta/Documents/Unreal Projects/test/Content/FPWeapon/Mesh/FirstPersonProjectileMesh.uasset" 419
"C:/Users/Vojta/Documents/Unreal Projects/test/Content/FPWeapon/Mesh/FirstPersonProjectileMesh.uexp" 420
"C:/Users/Vojta/Documents/Unreal Projects/test/Content/FirstPerson/Blueprints/BP_FirstPersonProjectile.uasset" 421
"C:/Users/Vojta/Documents/Unreal Projects/test/Content/FirstPerson/Blueprints/BP_FirstPersonProjectile.uexp" 422
"C:/Users/Vojta/Documents/Unreal Projects/test/Content/FirstPersonArms/Character/Materials/MaterialLayers/T_ML_Rubber_Blue_01_N.ubulk" 423
"C:/Users/Vojta/Documents/Unreal Projects/test/Content/FirstPersonArms/Character/Materials/MaterialLayers/T_ML_Rubber_Blue_01_N.uasset" 424
"C:/Users/Vojta/Documents/Unreal Projects/test/Content/FirstPersonArms/Character/Materials/MaterialLayers/T_ML_Rubber_Blue_01_N.uexp" 425
"C:/Users/Vojta/Documents/Unreal Projects/test/Content/FirstPersonArms/Character/Materials/MaterialLayers/T_ML_Rubber_Blue_01_D.ubulk" 426
"C:/Users/Vojta/Documents/Unreal Projects/test/Content/FirstPersonArms/Character/Materials/MaterialLayers/T_ML_Rubber_Blue_01_D.uasset" 427
"C:/Users/Vojta/Documents/Unreal Projects/test/Content/FirstPersonArms/Character/Materials/MaterialLayers/T_ML_Rubber_Blue_01_D.uexp" 428
"C:/Users/Vojta/Documents/Unreal Projects/test/Content/FirstPersonArms/Character/Materials/MaterialLayers/ML_GlossyBlack_Latex_UE4.uasset" 429
"C:/Users/Vojta/Documents/Unreal Projects/test/Content/FirstPersonArms/Character/Materials/MaterialLayers/ML_GlossyBlack_Latex_UE4.uexp" 430
"C:/Users/Vojta/Documents/Unreal Projects/test/Content/FirstPersonArms/Character/Textures/UE4_Mannequin_MAT_MASKA.ubulk" 431
"C:/Users/Vojta/Documents/Unreal Projects/test/Content/FirstPersonArms/Character/Textures/UE4_Mannequin_MAT_MASKA.uasset" 432
"C:/Users/Vojta/Documents/Unreal Projects/test/Content/FirstPersonArms/Character/Textures/UE4_Mannequin_MAT_MASKA.uexp" 433
"C:/Users/Vojta/Documents/Unreal Projects/test/Content/FirstPersonArms/Character/Textures/UE4_LOGO_CARD.ubulk" 434
"C:/Users/Vojta/Documents/Unreal Projects/test/Content/FirstPersonArms/Character/Textures/UE4_LOGO_CARD.uasset" 435
"C:/Users/Vojta/Documents/Unreal Projects/test/Content/FirstPersonArms/Character/Textures/UE4_LOGO_CARD.uexp" 436
"C:/Users/Vojta/Documents/Unreal Projects/test/Content/FirstPersonArms/Character/Materials/MaterialLayers/ML_Plastic_Shiny_Beige_LOGO.uasset" 437
"C:/Users/Vojta/Documents/Unreal Projects/test/Content/FirstPersonArms/Character/Materials/MaterialLayers/ML_Plastic_Shiny_Beige_LOGO.uexp" 438
"C:/Users/Vojta/Documents/Unreal Projects/test/Content/FirstPersonArms/Character/Materials/MaterialLayers/T_ML_Aluminum01.ubulk" 439
"C:/Users/Vojta/Documents/Unreal Projects/test/Content/FirstPersonArms/Character/Materials/MaterialLayers/T_ML_Aluminum01.uasset" 440
"C:/Users/Vojta/Documents/Unreal Projects/test/Content/FirstPersonArms/Character/Materials/MaterialLayers/T_ML_Aluminum01.uexp" 441
"C:/Users/Vojta/Documents/Unreal Projects/test/Content/FirstPersonArms/Character/Materials/MaterialLayers/T_ML_Aluminum01_N.ubulk" 442
"C:/Users/Vojta/Documents/Unreal Projects/test/Content/FirstPersonArms/Character/Materials/MaterialLayers/T_ML_Aluminum01_N.uasset" 443
"C:/Users/Vojta/Documents/Unreal Projects/test/Content/FirstPersonArms/Character/Materials/MaterialLayers/T_ML_Aluminum01_N.uexp" 444
"C:/Users/Vojta/Documents/Unreal Projects/test/Content/FirstPersonArms/Character/Materials/MaterialLayers/ML_SoftMetal_UE4.uasset" 445
"C:/Users/Vojta/Documents/Unreal Projects/test/Content/FirstPersonArms/Character/Materials/MaterialLayers/ML_SoftMetal_UE4.uexp" 446
"C:/Users/Vojta/Documents/Unreal Projects/test/Content/FirstPersonArms/Character/Materials/MaterialLayers/ML_Plastic_Shiny_Beige.uasset" 447
"C:/Users/Vojta/Documents/Unreal Projects/test/Content/FirstPersonArms/Character/Materials/MaterialLayers/ML_Plastic_Shiny_Beige.uexp" 448
"C:/Users/Vojta/Documents/Unreal Projects/test/Content/FirstPersonArms/Character/Textures/UE4_Mannequin__normals.ubulk" 449
"C:/Users/Vojta/Documents/Unreal Projects/test/Content/FirstPersonArms/Character/Textures/UE4_Mannequin__normals.uasset" 450
"C:/Users/Vojta/Documents/Unreal Projects/test/Content/FirstPersonArms/Character/Textures/UE4_Mannequin__normals.uexp" 451
"C:/Users/Vojta/Documents/Unreal Projects/test/Content/FirstPersonArms/Character/Materials/M_UE4Man_Body.uasset" 452
"C:/Users/Vojta/Documents/Unreal Projects/test/Content/FirstPersonArms/Character/Materials/M_UE4Man_Body.uexp" 453
"C:/Users/Vojta/Documents/Unreal Projects/test/Content/FirstPersonArms/Character/Mesh/SK_Mannequin_Arms_PhysicsAsset.uasset" 454
"C:/Users/Vojta/Documents/Unreal Projects/test/Content/FirstPersonArms/Character/Mesh/SK_Mannequin_Arms_PhysicsAsset.uexp" 455
"C:/Users/Vojta/Documents/Unreal Projects/test/Content/FirstPersonArms/Character/Mesh/SK_Mannequin_Arms.uasset" 456
"C:/Users/Vojta/Documents/Unreal Projects/test/Content/FirstPersonArms/Character/Mesh/SK_Mannequin_Arms.uexp" 457
"C:/Users/Vojta/Documents/Unreal Projects/test/Content/FirstPersonArms/Animations/FirstPerson_JumpLoop.uasset" 458
"C:/Users/Vojta/Documents/Unreal Projects/test/Content/FirstPersonArms/Animations/FirstPerson_JumpLoop.uexp" 459
"C:/Users/Vojta/Documents/Unreal Projects/test/Content/FirstPersonArms/Animations/FirstPerson_Run.uasset" 460
"C:/Users/Vojta/Documents/Unreal Projects/test/Content/FirstPersonArms/Animations/FirstPerson_Run.uexp" 461
"C:/Users/Vojta/Documents/Unreal Projects/test/Content/FirstPersonArms/Animations/FirstPerson_JumpEnd.uasset" 462
"C:/Users/Vojta/Documents/Unreal Projects/test/Content/FirstPersonArms/Animations/FirstPerson_JumpEnd.uexp" 463
"C:/Users/Vojta/Documents/Unreal Projects/test/Content/FirstPersonArms/Animations/FirstPerson_Idle.uasset" 464
"C:/Users/Vojta/Documents/Unreal Projects/test/Content/FirstPersonArms/Animations/FirstPerson_Idle.uexp" 465
"C:/Users/Vojta/Documents/Unreal Projects/test/Content/FirstPersonArms/Animations/FirstPerson_JumpStart.uasset" 466
"C:/Users/Vojta/Documents/Unreal Projects/test/Content/FirstPersonArms/Animations/FirstPerson_JumpStart.uexp" 467
"../../../Engine/Content/EditorBlueprintResources/StandardMacros.uasset" 468
"../../../Engine/Content/EditorBlueprintResources/StandardMacros.uexp" 469
"C:/Users/Vojta/Documents/Unreal Projects/test/Content/FirstPersonArms/Animations/FirstPerson_AnimBP.uasset" 470
"C:/Users/Vojta/Documents/Unreal Projects/test/Content/FirstPersonArms/Animations/FirstPerson_AnimBP.uexp" 471
"C:/Users/Vojta/Documents/Unreal Projects/test/Content/FirstPerson/Blueprints/BP_FirstPersonCharacter.uasset" 472
"C:/Users/Vojta/Documents/Unreal Projects/test/Content/FirstPerson/Blueprints/BP_FirstPersonCharacter.uexp" 473
"C:/Users/Vojta/Documents/Unreal Projects/test/Content/FirstPerson/Blueprints/BP_Rifle.uasset" 474
"C:/Users/Vojta/Documents/Unreal Projects/test/Content/FirstPerson/Blueprints/BP_Rifle.uexp" 475
"../../../Engine/Content/MobileResources/HUD/VirtualJoystick_Background.uasset" 476
"../../../Engine/Content/MobileResources/HUD/VirtualJoystick_Background.uexp" 477
"../../../Engine/Content/MobileResources/HUD/VirtualJoystick_Thumb.uasset" 478
"../../../Engine/Content/MobileResources/HUD/VirtualJoystick_Thumb.uexp" 479
"../../../Engine/Content/MobileResources/HUD/DefaultVirtualJoysticks.uasset" 480
"../../../Engine/Content/MobileResources/HUD/DefaultVirtualJoysticks.uexp" 481
"../../../Engine/Content/Tutorial/ContentIntroCurve.uasset" 482
"../../../Engine/Content/Tutorial/ContentIntroCurve.uexp" 483
"../../../Engine/Content/VREditor/TransformGizmo/Main.uasset" 484
"../../../Engine/Content/VREditor/TransformGizmo/Main.uexp" 485
"../../../Engine/Content/VREditor/TransformGizmo/Xray.uasset" 486
"../../../Engine/Content/VREditor/TransformGizmo/Xray.uexp" 487
"../../../Engine/Content/VREditor/TransformGizmo/SM_Sequencer_Node.ubulk" 488
"../../../Engine/Content/VREditor/TransformGizmo/SM_Sequencer_Node.uasset" 489
"../../../Engine/Content/VREditor/TransformGizmo/SM_Sequencer_Node.uexp" 490
"../../../Engine/Content/VREditor/LaserPointer/VR_LaserPower_01.ubulk" 491
"../../../Engine/Content/VREditor/LaserPointer/VR_LaserPower_01.uasset" 492
"../../../Engine/Content/VREditor/LaserPointer/VR_LaserPower_01.uexp" 493
"../../../Engine/Content/VREditor/TransformGizmo/TransformGizmoMaterial.uasset" 494
"../../../Engine/Content/VREditor/TransformGizmo/TransformGizmoMaterial.uexp" 495
"../../../Engine/Content/VREditor/TransformGizmo/TranslucentTransformGizmoMaterial.uasset" 496
"../../../Engine/Content/VREditor/TransformGizmo/TranslucentTransformGizmoMaterial.uexp" 497
"../../../Engine/Content/VREditor/TransformGizmo/PlaneTranslationHandle.ubulk" 498
"../../../Engine/Content/VREditor/TransformGizmo/PlaneTranslationHandle.uasset" 499
"../../../Engine/Content/VREditor/TransformGizmo/PlaneTranslationHandle.uexp" 500
"../../../Engine/Content/VREditor/TransformGizmo/BoundingBoxEdge.ubulk" 501
"../../../Engine/Content/VREditor/TransformGizmo/BoundingBoxEdge.uasset" 502
"../../../Engine/Content/VREditor/TransformGizmo/BoundingBoxEdge.uexp" 503
"../../../Engine/Content/VREditor/TransformGizmo/BoundingBoxCorner.ubulk" 504
"../../../Engine/Content/VREditor/TransformGizmo/BoundingBoxCorner.uasset" 505
"../../../Engine/Content/VREditor/TransformGizmo/BoundingBoxCorner.uexp" 506
"../../../Engine/Plugins/2D/Paper2D/Content/PlaceholderTextures/DummySpriteTexture.ubulk" 507
"../../../Engine/Plugins/2D/Paper2D/Content/PlaceholderTextures/DummySpriteTexture.uasset" 508
"../../../Engine/Plugins/2D/Paper2D/Content/PlaceholderTextures/DummySpriteTexture.uexp" 509
"../../../Engine/Plugins/2D/Paper2D/Content/DefaultSpriteMaterial.uasset" 510
"../../../Engine/Plugins/2D/Paper2D/Content/DefaultSpriteMaterial.uexp" 511
"../../../Engine/Plugins/2D/Paper2D/Content/OpaqueUnlitSpriteMaterial.uasset" 512
"../../../Engine/Plugins/2D/Paper2D/Content/OpaqueUnlitSpriteMaterial.uexp" 513
"../../../Engine/Plugins/2D/Paper2D/Content/MaskedUnlitSpriteMaterial.uasset" 514
"../../../Engine/Plugins/2D/Paper2D/Content/MaskedUnlitSpriteMaterial.uexp" 515
"../../../Engine/Plugins/2D/Paper2D/Content/DummySprite.uasset" 516
"../../../Engine/Plugins/2D/Paper2D/Content/DummySprite.uexp" 517
"../../../Engine/Plugins/2D/Paper2D/Content/DefaultPaperTerrainMaterial.uasset" 518
"../../../Engine/Plugins/2D/Paper2D/Content/DefaultPaperTerrainMaterial.uexp" 519
"../../../Engine/Plugins/Animation/ControlRig/Content/M_Manip.uasset" 520
"../../../Engine/Plugins/Animation/ControlRig/Content/M_Manip.uexp" 521
"../../../Engine/Plugins/Animation/ControlRig/Content/Controls/DefaultGizmoLibraryNormalized.uasset" 522
"../../../Engine/Plugins/Animation/ControlRig/Content/Controls/DefaultGizmoLibraryNormalized.uexp" 523
"../../../Engine/Plugins/Animation/ControlRig/Content/Controls/ControlRig_Wedge_solid.ubulk" 524
"../../../Engine/Plugins/Animation/ControlRig/Content/Controls/ControlRig_Wedge_solid.uasset" 525
"../../../Engine/Plugins/Animation/ControlRig/Content/Controls/ControlRig_Wedge_solid.uexp" 526
"../../../Engine/Plugins/Animation/ControlRig/Content/Controls/ControlRig_Wedge_3mm.ubulk" 527
"../../../Engine/Plugins/Animation/ControlRig/Content/Controls/ControlRig_Wedge_3mm.uasset" 528
"../../../Engine/Plugins/Animation/ControlRig/Content/Controls/ControlRig_Wedge_3mm.uexp" 529
"../../../Engine/Plugins/Animation/ControlRig/Content/Controls/ControlRig_Wedge_1mm.ubulk" 530
"../../../Engine/Plugins/Animation/ControlRig/Content/Controls/ControlRig_Wedge_1mm.uasset" 531
"../../../Engine/Plugins/Animation/ControlRig/Content/Controls/ControlRig_Wedge_1mm.uexp" 532
"../../../Engine/Plugins/Animation/ControlRig/Content/Controls/ControlRig_Triangle_solid.ubulk" 533
"../../../Engine/Plugins/Animation/ControlRig/Content/Controls/ControlRig_Triangle_solid.uasset" 534
"../../../Engine/Plugins/Animation/ControlRig/Content/Controls/ControlRig_Triangle_solid.uexp" 535
"../../../Engine/Plugins/Animation/ControlRig/Content/Controls/ControlRig_Triangle_3mm.ubulk" 536
"../../../Engine/Plugins/Animation/ControlRig/Content/Controls/ControlRig_Triangle_3mm.uasset" 537
"../../../Engine/Plugins/Animation/ControlRig/Content/Controls/ControlRig_Triangle_3mm.uexp" 538
"../../../Engine/Plugins/Animation/ControlRig/Content/Controls/ControlRig_Triangle_1mm.ubulk" 539
"../../../Engine/Plugins/Animation/ControlRig/Content/Controls/ControlRig_Triangle_1mm.uasset" 540
"../../../Engine/Plugins/Animation/ControlRig/Content/Controls/ControlRig_Triangle_1mm.uexp" 541
"../../../Engine/Plugins/Animation/ControlRig/Content/Controls/ControlRig_Star4_solid.ubulk" 542
"../../../Engine/Plugins/Animation/ControlRig/Content/Controls/ControlRig_Star4_solid.uasset" 543
"../../../Engine/Plugins/Animation/ControlRig/Content/Controls/ControlRig_Star4_solid.uexp" 544
"../../../Engine/Plugins/Animation/ControlRig/Content/Controls/ControlRig_Star4_3mm.ubulk" 545
"../../../Engine/Plugins/Animation/ControlRig/Content/Controls/ControlRig_Star4_3mm.uasset" 546
"../../../Engine/Plugins/Animation/ControlRig/Content/Controls/ControlRig_Star4_3mm.uexp" 547
"../../../Engine/Plugins/Animation/ControlRig/Content/Controls/ControlRig_Star4_1mm.ubulk" 548
"../../../Engine/Plugins/Animation/ControlRig/Content/Controls/ControlRig_Star4_1mm.uasset" 549
"../../../Engine/Plugins/Animation/ControlRig/Content/Controls/ControlRig_Star4_1mm.uexp" 550
"../../../Engine/Plugins/Animation/ControlRig/Content/Controls/ControlRig_Square_solid.ubulk" 551
"../../../Engine/Plugins/Animation/ControlRig/Content/Controls/ControlRig_Square_solid.uasset" 552
"../../../Engine/Plugins/Animation/ControlRig/Content/Controls/ControlRig_Square_solid.uexp" 553
"../../../Engine/Plugins/Animation/ControlRig/Content/Controls/ControlRig_Square_3mm.ubulk" 554
"../../../Engine/Plugins/Animation/ControlRig/Content/Controls/ControlRig_Square_3mm.uasset" 555
"../../../Engine/Plugins/Animation/ControlRig/Content/Controls/ControlRig_Square_3mm.uexp" 556
"../../../Engine/Plugins/Animation/ControlRig/Content/Controls/ControlRig_Square_1mm.ubulk" 557
"../../../Engine/Plugins/Animation/ControlRig/Content/Controls/ControlRig_Square_1mm.uasset" 558
"../../../Engine/Plugins/Animation/ControlRig/Content/Controls/ControlRig_Square_1mm.uexp" 559
"../../../Engine/Plugins/Animation/ControlRig/Content/Controls/ControlRig_Sphere_solid.ubulk" 560
"../../../Engine/Plugins/Animation/ControlRig/Content/Controls/ControlRig_Sphere_solid.uasset" 561
"../../../Engine/Plugins/Animation/ControlRig/Content/Controls/ControlRig_Sphere_solid.uexp" 562
"../../../Engine/Plugins/Animation/ControlRig/Content/Controls/ControlRig_Sphere_3mm.ubulk" 563
"../../../Engine/Plugins/Animation/ControlRig/Content/Controls/ControlRig_Sphere_3mm.uasset" 564
"../../../Engine/Plugins/Animation/ControlRig/Content/Controls/ControlRig_Sphere_3mm.uexp" 565
"../../../Engine/Plugins/Animation/ControlRig/Content/Controls/ControlRig_Sphere_1mm.ubulk" 566
"../../../Engine/Plugins/Animation/ControlRig/Content/Controls/ControlRig_Sphere_1mm.uasset" 567
"../../../Engine/Plugins/Animation/ControlRig/Content/Controls/ControlRig_Sphere_1mm.uexp" 568
"../../../Engine/Plugins/Animation/ControlRig/Content/Controls/ControlRig_RoundedTriangle_solid.ubulk" 569
"../../../Engine/Plugins/Animation/ControlRig/Content/Controls/ControlRig_RoundedTriangle_solid.uasset" 570
"../../../Engine/Plugins/Animation/ControlRig/Content/Controls/ControlRig_RoundedTriangle_solid.uexp" 571
"../../../Engine/Plugins/Animation/ControlRig/Content/Controls/ControlRig_RoundedTriangle_3mm.ubulk" 572
"../../../Engine/Plugins/Animation/ControlRig/Content/Controls/ControlRig_RoundedTriangle_3mm.uasset" 573
"../../../Engine/Plugins/Animation/ControlRig/Content/Controls/ControlRig_RoundedTriangle_3mm.uexp" 574
"../../../Engine/Plugins/Animation/ControlRig/Content/Controls/ControlRig_RoundedTriangle_1mm.ubulk" 575
"../../../Engine/Plugins/Animation/ControlRig/Content/Controls/ControlRig_RoundedTriangle_1mm.uasset" 576
"../../../Engine/Plugins/Animation/ControlRig/Content/Controls/ControlRig_RoundedTriangle_1mm.uexp" 577
"../../../Engine/Plugins/Animation/ControlRig/Content/Controls/ControlRig_RoundedSquare_solid.ubulk" 578
"../../../Engine/Plugins/Animation/ControlRig/Content/Controls/ControlRig_RoundedSquare_solid.uasset" 579
"../../../Engine/Plugins/Animation/ControlRig/Content/Controls/ControlRig_RoundedSquare_solid.uexp" 580
"../../../Engine/Plugins/Animation/ControlRig/Content/Controls/ControlRig_RoundedSquare_3mm.ubulk" 581
"../../../Engine/Plugins/Animation/ControlRig/Content/Controls/ControlRig_RoundedSquare_3mm.uasset" 582
"../../../Engine/Plugins/Animation/ControlRig/Content/Controls/ControlRig_RoundedSquare_3mm.uexp" 583
"../../../Engine/Plugins/Animation/ControlRig/Content/Controls/ControlRig_RoundedSquare_1mm.ubulk" 584
"../../../Engine/Plugins/Animation/ControlRig/Content/Controls/ControlRig_RoundedSquare_1mm.uasset" 585
"../../../Engine/Plugins/Animation/ControlRig/Content/Controls/ControlRig_RoundedSquare_1mm.uexp" 586
"../../../Engine/Plugins/Animation/ControlRig/Content/Controls/ControlRig_QuarterCircle_solid.ubulk" 587
"../../../Engine/Plugins/Animation/ControlRig/Content/Controls/ControlRig_QuarterCircle_solid.uasset" 588
"../../../Engine/Plugins/Animation/ControlRig/Content/Controls/ControlRig_QuarterCircle_solid.uexp" 589
"../../../Engine/Plugins/Animation/ControlRig/Content/Controls/ControlRig_QuarterCircle_3mm.ubulk" 590
"../../../Engine/Plugins/Animation/ControlRig/Content/Controls/ControlRig_QuarterCircle_3mm.uasset" 591
"../../../Engine/Plugins/Animation/ControlRig/Content/Controls/ControlRig_QuarterCircle_3mm.uexp" 592
"../../../Engine/Plugins/Animation/ControlRig/Content/Controls/ControlRig_QuarterCircle_1mm.ubulk" 593
"../../../Engine/Plugins/Animation/ControlRig/Content/Controls/ControlRig_QuarterCircle_1mm.uasset" 594
"../../../Engine/Plugins/Animation/ControlRig/Content/Controls/ControlRig_QuarterCircle_1mm.uexp" 595
"../../../Engine/Plugins/Animation/ControlRig/Content/Controls/ControlRig_Pyramid_solid.ubulk" 596
"../../../Engine/Plugins/Animation/ControlRig/Content/Controls/ControlRig_Pyramid_solid.uasset" 597
"../../../Engine/Plugins/Animation/ControlRig/Content/Controls/ControlRig_Pyramid_solid.uexp" 598
"../../../Engine/Plugins/Animation/ControlRig/Content/Controls/ControlRig_Pyramid_3mm.ubulk" 599
"../../../Engine/Plugins/Animation/ControlRig/Content/Controls/ControlRig_Pyramid_3mm.uasset" 600
"../../../Engine/Plugins/Animation/ControlRig/Content/Controls/ControlRig_Pyramid_3mm.uexp" 601
"../../../Engine/Plugins/Animation/ControlRig/Content/Controls/ControlRig_Pyramid_1mm.ubulk" 602
"../../../Engine/Plugins/Animation/ControlRig/Content/Controls/ControlRig_Pyramid_1mm.uasset" 603
"../../../Engine/Plugins/Animation/ControlRig/Content/Controls/ControlRig_Pyramid_1mm.uexp" 604
"../../../Engine/Plugins/Animation/ControlRig/Content/Controls/ControlRig_Octagon_solid.ubulk" 605
"../../../Engine/Plugins/Animation/ControlRig/Content/Controls/ControlRig_Octagon_solid.uasset" 606
"../../../Engine/Plugins/Animation/ControlRig/Content/Controls/ControlRig_Octagon_solid.uexp" 607
"../../../Engine/Plugins/Animation/ControlRig/Content/Controls/ControlRig_Octagon_3mm.ubulk" 608
"../../../Engine/Plugins/Animation/ControlRig/Content/Controls/ControlRig_Octagon_3mm.uasset" 609
"../../../Engine/Plugins/Animation/ControlRig/Content/Controls/ControlRig_Octagon_3mm.uexp" 610
"../../../Engine/Plugins/Animation/ControlRig/Content/Controls/ControlRig_Octagon_1mm.ubulk" 611
"../../../Engine/Plugins/Animation/ControlRig/Content/Controls/ControlRig_Octagon_1mm.uasset" 612
"../../../Engine/Plugins/Animation/ControlRig/Content/Controls/ControlRig_Octagon_1mm.uexp" 613
"../../../Engine/Plugins/Animation/ControlRig/Content/Controls/ControlRig_Hexagon_solid.ubulk" 614
"../../../Engine/Plugins/Animation/ControlRig/Content/Controls/ControlRig_Hexagon_solid.uasset" 615
"../../../Engine/Plugins/Animation/ControlRig/Content/Controls/ControlRig_Hexagon_solid.uexp" 616
"../../../Engine/Plugins/Animation/ControlRig/Content/Controls/ControlRig_Hexagon_3mm.ubulk" 617
"../../../Engine/Plugins/Animation/ControlRig/Content/Controls/ControlRig_Hexagon_3mm.uasset" 618
"../../../Engine/Plugins/Animation/ControlRig/Content/Controls/ControlRig_Hexagon_3mm.uexp" 619
"../../../Engine/Plugins/Animation/ControlRig/Content/Controls/ControlRig_Hexagon_1mm.ubulk" 620
"../../../Engine/Plugins/Animation/ControlRig/Content/Controls/ControlRig_Hexagon_1mm.uasset" 621
"../../../Engine/Plugins/Animation/ControlRig/Content/Controls/ControlRig_Hexagon_1mm.uexp" 622
"../../../Engine/Plugins/Animation/ControlRig/Content/Controls/ControlRig_HalfCircle_solid.ubulk" 623
"../../../Engine/Plugins/Animation/ControlRig/Content/Controls/ControlRig_HalfCircle_solid.uasset" 624
"../../../Engine/Plugins/Animation/ControlRig/Content/Controls/ControlRig_HalfCircle_solid.uexp" 625
"../../../Engine/Plugins/Animation/ControlRig/Content/Controls/ControlRig_HalfCircle_3mm.ubulk" 626
"../../../Engine/Plugins/Animation/ControlRig/Content/Controls/ControlRig_HalfCircle_3mm.uasset" 627
"../../../Engine/Plugins/Animation/ControlRig/Content/Controls/ControlRig_HalfCircle_3mm.uexp" 628
"../../../Engine/Plugins/Animation/ControlRig/Content/Controls/ControlRig_HalfCircle_1mm.ubulk" 629
"../../../Engine/Plugins/Animation/ControlRig/Content/Controls/ControlRig_HalfCircle_1mm.uasset" 630
"../../../Engine/Plugins/Animation/ControlRig/Content/Controls/ControlRig_HalfCircle_1mm.uexp" 631
"../../../Engine/Plugins/Animation/ControlRig/Content/Controls/ControlRig_Diamond_solid.ubulk" 632
"../../../Engine/Plugins/Animation/ControlRig/Content/Controls/ControlRig_Diamond_solid.uasset" 633
"../../../Engine/Plugins/Animation/ControlRig/Content/Controls/ControlRig_Diamond_solid.uexp" 634
"../../../Engine/Plugins/Animation/ControlRig/Content/Controls/ControlRig_Diamond_3mm.ubulk" 635
"../../../Engine/Plugins/Animation/ControlRig/Content/Controls/ControlRig_Diamond_3mm.uasset" 636
"../../../Engine/Plugins/Animation/ControlRig/Content/Controls/ControlRig_Diamond_3mm.uexp" 637
"../../../Engine/Plugins/Animation/ControlRig/Content/Controls/ControlRig_Diamond_1mm.ubulk" 638
"../../../Engine/Plugins/Animation/ControlRig/Content/Controls/ControlRig_Diamond_1mm.uasset" 639
"../../../Engine/Plugins/Animation/ControlRig/Content/Controls/ControlRig_Diamond_1mm.uexp" 640
"../../../Engine/Plugins/Animation/ControlRig/Content/Controls/ControlRig_Circle_solid.ubulk" 641
"../../../Engine/Plugins/Animation/ControlRig/Content/Controls/ControlRig_Circle_solid.uasset" 642
"../../../Engine/Plugins/Animation/ControlRig/Content/Controls/ControlRig_Circle_solid.uexp" 643
"../../../Engine/Plugins/Animation/ControlRig/Content/Controls/ControlRig_Circle_3mm.ubulk" 644
"../../../Engine/Plugins/Animation/ControlRig/Content/Controls/ControlRig_Circle_3mm.uasset" 645
"../../../Engine/Plugins/Animation/ControlRig/Content/Controls/ControlRig_Circle_3mm.uexp" 646
"../../../Engine/Plugins/Animation/ControlRig/Content/Controls/ControlRig_Circle_1mm.ubulk" 647
"../../../Engine/Plugins/Animation/ControlRig/Content/Controls/ControlRig_Circle_1mm.uasset" 648
"../../../Engine/Plugins/Animation/ControlRig/Content/Controls/ControlRig_Circle_1mm.uexp" 649
"../../../Engine/Plugins/Animation/ControlRig/Content/Controls/ControlRig_Box_solid.ubulk" 650
"../../../Engine/Plugins/Animation/ControlRig/Content/Controls/ControlRig_Box_solid.uasset" 651
"../../../Engine/Plugins/Animation/ControlRig/Content/Controls/ControlRig_Box_solid.uexp" 652
"../../../Engine/Plugins/Animation/ControlRig/Content/Controls/ControlRig_Box_3mm.ubulk" 653
"../../../Engine/Plugins/Animation/ControlRig/Content/Controls/ControlRig_Box_3mm.uasset" 654
"../../../Engine/Plugins/Animation/ControlRig/Content/Controls/ControlRig_Box_3mm.uexp" 655
"../../../Engine/Plugins/Animation/ControlRig/Content/Controls/ControlRig_Box_1mm.ubulk" 656
"../../../Engine/Plugins/Animation/ControlRig/Content/Controls/ControlRig_Box_1mm.uasset" 657
"../../../Engine/Plugins/Animation/ControlRig/Content/Controls/ControlRig_Box_1mm.uexp" 658
"../../../Engine/Plugins/Animation/ControlRig/Content/Controls/ControlRig_Arrow_solid.ubulk" 659
"../../../Engine/Plugins/Animation/ControlRig/Content/Controls/ControlRig_Arrow_solid.uasset" 660
"../../../Engine/Plugins/Animation/ControlRig/Content/Controls/ControlRig_Arrow_solid.uexp" 661
"../../../Engine/Plugins/Animation/ControlRig/Content/Controls/ControlRig_Arrow_3mm.ubulk" 662
"../../../Engine/Plugins/Animation/ControlRig/Content/Controls/ControlRig_Arrow_3mm.uasset" 663
"../../../Engine/Plugins/Animation/ControlRig/Content/Controls/ControlRig_Arrow_3mm.uexp" 664
"../../../Engine/Plugins/Animation/ControlRig/Content/Controls/ControlRig_Arrow_1mm.ubulk" 665
"../../../Engine/Plugins/Animation/ControlRig/Content/Controls/ControlRig_Arrow_1mm.uasset" 666
"../../../Engine/Plugins/Animation/ControlRig/Content/Controls/ControlRig_Arrow_1mm.uexp" 667
"../../../Engine/Plugins/Animation/ControlRig/Content/Controls/ControlRig_Arrow4_solid.ubulk" 668
"../../../Engine/Plugins/Animation/ControlRig/Content/Controls/ControlRig_Arrow4_solid.uasset" 669
"../../../Engine/Plugins/Animation/ControlRig/Content/Controls/ControlRig_Arrow4_solid.uexp" 670
"../../../Engine/Plugins/Animation/ControlRig/Content/Controls/ControlRig_Arrow4_3mm.ubulk" 671
"../../../Engine/Plugins/Animation/ControlRig/Content/Controls/ControlRig_Arrow4_3mm.uasset" 672
"../../../Engine/Plugins/Animation/ControlRig/Content/Controls/ControlRig_Arrow4_3mm.uexp" 673
"../../../Engine/Plugins/Animation/ControlRig/Content/Controls/ControlRig_Arrow4_1mm.ubulk" 674
"../../../Engine/Plugins/Animation/ControlRig/Content/Controls/ControlRig_Arrow4_1mm.uasset" 675
"../../../Engine/Plugins/Animation/ControlRig/Content/Controls/ControlRig_Arrow4_1mm.uexp" 676
"../../../Engine/Plugins/Animation/ControlRig/Content/Controls/ControlRig_Arrow2_solid.ubulk" 677
"../../../Engine/Plugins/Animation/ControlRig/Content/Controls/ControlRig_Arrow2_solid.uasset" 678
"../../../Engine/Plugins/Animation/ControlRig/Content/Controls/ControlRig_Arrow2_solid.uexp" 679
"../../../Engine/Plugins/Animation/ControlRig/Content/Controls/ControlRig_Arrow2_3mm.ubulk" 680
"../../../Engine/Plugins/Animation/ControlRig/Content/Controls/ControlRig_Arrow2_3mm.uasset" 681
"../../../Engine/Plugins/Animation/ControlRig/Content/Controls/ControlRig_Arrow2_3mm.uexp" 682
"../../../Engine/Plugins/Animation/ControlRig/Content/Controls/ControlRig_Arrow2_1mm.ubulk" 683
"../../../Engine/Plugins/Animation/ControlRig/Content/Controls/ControlRig_Arrow2_1mm.uasset" 684
"../../../Engine/Plugins/Animation/ControlRig/Content/Controls/ControlRig_Arrow2_1mm.uexp" 685
"../../../Engine/Plugins/Animation/ControlRig/Content/Controls/ControlRigGizmoMaterial.uasset" 686
"../../../Engine/Plugins/Animation/ControlRig/Content/Controls/ControlRigGizmoMaterial.uexp" 687
"../../../Engine/Plugins/Editor/SpeedTreeImporter/Content/SpeedTree9/game_wind_noise.ubulk" 688
"../../../Engine/Plugins/Editor/SpeedTreeImporter/Content/SpeedTree9/game_wind_noise.uasset" 689
"../../../Engine/Plugins/Editor/SpeedTreeImporter/Content/SpeedTree9/game_wind_noise.uexp" 690
"../../../Engine/Plugins/Editor/SpeedTreeImporter/Content/SpeedTree9/UnpackDirection.uasset" 691
"../../../Engine/Plugins/Editor/SpeedTreeImporter/Content/SpeedTree9/UnpackDirection.uexp" 692
"../../../Engine/Content/Functions/Engine_MaterialFunctions02/ObjectLocalBounds.uasset" 693
"../../../Engine/Content/Functions/Engine_MaterialFunctions02/ObjectLocalBounds.uexp" 694
"../../../Engine/Content/Functions/Engine_MaterialFunctions02/UVs/BoundingBoxBased_0-1_UVW.uasset" 695
"../../../Engine/Content/Functions/Engine_MaterialFunctions02/UVs/BoundingBoxBased_0-1_UVW.uexp" 696
"../../../Engine/Content/Functions/Engine_MaterialFunctions02/Utility/VectorLength.uasset" 697
"../../../Engine/Content/Functions/Engine_MaterialFunctions02/Utility/VectorLength.uexp" 698
"../../../Engine/Plugins/Editor/SpeedTreeImporter/Content/SpeedTree9/UnpackInteger3.uasset" 699
"../../../Engine/Plugins/Editor/SpeedTreeImporter/Content/SpeedTree9/UnpackInteger3.uexp" 700
"../../../Engine/Plugins/Editor/SpeedTreeImporter/Content/SpeedTree9/SpeedTreeCameraFacing.uasset" 701
"../../../Engine/Plugins/Editor/SpeedTreeImporter/Content/SpeedTree9/SpeedTreeCameraFacing.uexp" 702
"../../../Engine/Content/Functions/Engine_MaterialFunctions02/WorldPositionOffset/ObjectScale.uasset" 703
"../../../Engine/Content/Functions/Engine_MaterialFunctions02/WorldPositionOffset/ObjectScale.uexp" 704
"../../../Engine/Content/Functions/Engine_MaterialFunctions02/SafeNormalize.uasset" 705
"../../../Engine/Content/Functions/Engine_MaterialFunctions02/SafeNormalize.uexp" 706
"../../../Engine/Plugins/Editor/SpeedTreeImporter/Content/SpeedTree9/SpeedTreeWindMotion.uasset" 707
"../../../Engine/Plugins/Editor/SpeedTreeImporter/Content/SpeedTree9/SpeedTreeWindMotion.uexp" 708
"../../../Engine/Plugins/Editor/SpeedTreeImporter/Content/SpeedTree9/SpeedTreeBranchMotion.uasset" 709
"../../../Engine/Plugins/Editor/SpeedTreeImporter/Content/SpeedTree9/SpeedTreeBranchMotion.uexp" 710
"../../../Engine/Plugins/Editor/SpeedTreeImporter/Content/SpeedTree9/SpeedTreeWind.uasset" 711
"../../../Engine/Plugins/Editor/SpeedTreeImporter/Content/SpeedTree9/SpeedTreeWind.uexp" 712
"../../../Engine/Plugins/Editor/SpeedTreeImporter/Content/SpeedTree9/EmptyNormal.uasset" 713
"../../../Engine/Plugins/Editor/SpeedTreeImporter/Content/SpeedTree9/EmptyNormal.uexp" 714
"../../../Engine/Plugins/Editor/SpeedTreeImporter/Content/SpeedTree9/Empty.uasset" 715
"../../../Engine/Plugins/Editor/SpeedTreeImporter/Content/SpeedTree9/Empty.uexp" 716
"../../../Engine/Plugins/Editor/SpeedTreeImporter/Content/SpeedTree9/SpeedTreeMaster.uasset" 717
"../../../Engine/Plugins/Editor/SpeedTreeImporter/Content/SpeedTree9/SpeedTreeMaster.uexp" 718
"../../../Engine/Plugins/Editor/SpeedTreeImporter/Content/SpeedTree9/SpeedTreeBillboard.uasset" 719
"../../../Engine/Plugins/Editor/SpeedTreeImporter/Content/SpeedTree9/SpeedTreeBillboard.uexp" 720
"../../../Engine/Plugins/Editor/SpeedTreeImporter/Content/SpeedTree9/SpeedTreeBillboardMaster.uasset" 721
"../../../Engine/Plugins/Editor/SpeedTreeImporter/Content/SpeedTree9/SpeedTreeBillboardMaster.uexp" 722
"../../../Engine/Plugins/Runtime/HairStrands/Content/Materials/HairMeshesDefaultMaterial.uasset" 723
"../../../Engine/Plugins/Runtime/HairStrands/Content/Materials/HairMeshesDefaultMaterial.uexp" 724
"../../../Engine/Plugins/Runtime/HairStrands/Content/Materials/HairDefaultMaterial.uasset" 725
"../../../Engine/Plugins/Runtime/HairStrands/Content/Materials/HairDefaultMaterial.uexp" 726
"../../../Engine/Plugins/Runtime/HairStrands/Content/Materials/HairGroupColors.uasset" 727
"../../../Engine/Plugins/Runtime/HairStrands/Content/Materials/HairGroupColors.uexp" 728
"../../../Engine/Content/EngineMaterials/HairColorMap.uasset" 729
"../../../Engine/Content/EngineMaterials/HairColorMap.uexp" 730
"../../../Engine/Content/EngineMaterials/HairDebugColor.uasset" 731
"../../../Engine/Content/EngineMaterials/HairDebugColor.uexp" 732
"../../../Engine/Plugins/Runtime/HairStrands/Content/Materials/HairDebugMaterial.uasset" 733
"../../../Engine/Plugins/Runtime/HairStrands/Content/Materials/HairDebugMaterial.uexp" 734
"../../../Engine/Plugins/Runtime/HairStrands/Content/Materials/HairCardsDefaultMaterial.uasset" 735
"../../../Engine/Plugins/Runtime/HairStrands/Content/Materials/HairCardsDefaultMaterial.uexp" 736
"C:/Users/Vojta/Documents/Unreal Projects/test/Content/FirstPerson/Blueprints/BP_FirstPersonGameMode.uasset" 737
"C:/Users/Vojta/Documents/Unreal Projects/test/Content/FirstPerson/Blueprints/BP_FirstPersonGameMode.uexp" 738
"../../../Engine/Content/Maps/Templates/HLODs/HLODLayer_Instanced.uasset" 739
"../../../Engine/Content/Maps/Templates/HLODs/HLODLayer_Instanced.uexp" 740
"C:/Users/Vojta/Documents/Unreal Projects/test/Content/FirstPerson/Maps/FirstPersonMap.uexp" 741
"C:/Users/Vojta/Documents/Unreal Projects/test/Content/FirstPerson/Maps/FirstPersonMap.umap" 742
"../../../Engine/Content/Maps/Entry_BuiltData.uasset" 743
"../../../Engine/Content/Maps/Entry_BuiltData.uexp" 744
"../../../Engine/Content/Maps/Entry.uexp" 745
"../../../Engine/Content/Maps/Entry.umap" 746
